[Tue Feb 13 11:51:56 2007] [notice] Apache/2.2.4 (Win32) PHP/5.2.0 configured -- resuming normal operations
[Tue Feb 13 11:51:56 2007] [notice] Server built: Jan  9 2007 23:17:20
[Tue Feb 13 11:51:56 2007] [notice] Parent: Created child process 3808
[Tue Feb 13 11:51:58 2007] [notice] Child 3808: Child process is running
[Tue Feb 13 11:51:58 2007] [notice] Child 3808: Acquired the start mutex.
[Tue Feb 13 11:51:58 2007] [notice] Child 3808: Starting 250 worker threads.
[Tue Feb 13 11:51:58 2007] [notice] Child 3808: Starting thread to listen on port 80.
[Tue Feb 13 11:52:01 2007] [notice] Parent: Received shutdown signal -- Shutting down the server.
[Tue Feb 13 11:52:01 2007] [notice] Child 3808: Exit event signaled. Child process is ending.
[Tue Feb 13 11:52:02 2007] [notice] Child 3808: Released the start mutex
[Tue Feb 13 11:52:03 2007] [notice] Child 3808: Waiting for 250 worker threads to exit.
[Tue Feb 13 11:52:03 2007] [notice] Child 3808: All worker threads have exited.
[Tue Feb 13 11:52:03 2007] [notice] Child 3808: Child process is exiting
[Tue Feb 13 11:52:03 2007] [notice] Parent: Child process exited successfully.
[Tue Feb 13 11:52:51 2007] [notice] Apache/2.2.4 (Win32) PHP/5.2.0 configured -- resuming normal operations
[Tue Feb 13 11:52:51 2007] [notice] Server built: Jan  9 2007 23:17:20
[Tue Feb 13 11:52:51 2007] [notice] Parent: Created child process 5172
[Tue Feb 13 11:52:51 2007] [notice] Child 5172: Child process is running
[Tue Feb 13 11:52:51 2007] [notice] Child 5172: Acquired the start mutex.
[Tue Feb 13 11:52:51 2007] [notice] Child 5172: Starting 250 worker threads.
[Tue Feb 13 11:52:51 2007] [notice] Child 5172: Starting thread to listen on port 80.
[Tue Feb 13 11:52:55 2007] [notice] Parent: Received shutdown signal -- Shutting down the server.
[Tue Feb 13 11:52:55 2007] [notice] Child 5172: Exit event signaled. Child process is ending.
[Tue Feb 13 11:52:56 2007] [notice] Child 5172: Released the start mutex
[Tue Feb 13 11:52:57 2007] [notice] Child 5172: Waiting for 250 worker threads to exit.
[Tue Feb 13 11:52:57 2007] [notice] Child 5172: All worker threads have exited.
[Tue Feb 13 11:52:57 2007] [notice] Child 5172: Child process is exiting
[Tue Feb 13 11:52:57 2007] [notice] Parent: Child process exited successfully.
[Tue Feb 13 11:53:07 2007] [notice] Apache/2.2.4 (Win32) PHP/5.2.0 configured -- resuming normal operations
[Tue Feb 13 11:53:07 2007] [notice] Server built: Jan  9 2007 23:17:20
[Tue Feb 13 11:53:07 2007] [notice] Parent: Created child process 2840
[Tue Feb 13 11:53:07 2007] [notice] Child 2840: Child process is running
[Tue Feb 13 11:53:07 2007] [notice] Child 2840: Acquired the start mutex.
[Tue Feb 13 11:53:07 2007] [notice] Child 2840: Starting 250 worker threads.
[Tue Feb 13 11:53:07 2007] [notice] Child 2840: Starting thread to listen on port 80.
[Tue Feb 13 11:53:27 2007] [notice] Parent: Received shutdown signal -- Shutting down the server.
[Tue Feb 13 11:53:27 2007] [notice] Child 2840: Exit event signaled. Child process is ending.
[Tue Feb 13 11:53:28 2007] [notice] Child 2840: Released the start mutex
[Tue Feb 13 11:53:29 2007] [notice] Child 2840: Waiting for 250 worker threads to exit.
[Tue Feb 13 11:53:32 2007] [notice] Child 2840: All worker threads have exited.
[Tue Feb 13 11:53:32 2007] [notice] Child 2840: Child process is exiting
[Tue Feb 13 11:53:32 2007] [notice] Parent: Child process exited successfully.
[Tue Feb 13 11:58:54 2007] [notice] Apache/2.2.4 (Win32) PHP/5.2.0 configured -- resuming normal operations
[Tue Feb 13 11:58:54 2007] [notice] Server built: Jan  9 2007 23:17:20
[Tue Feb 13 11:58:54 2007] [notice] Parent: Created child process 5608
[Tue Feb 13 11:58:54 2007] [notice] Child 5608: Child process is running
[Tue Feb 13 11:58:54 2007] [notice] Child 5608: Acquired the start mutex.
[Tue Feb 13 11:58:54 2007] [notice] Child 5608: Starting 250 worker threads.
[Tue Feb 13 11:58:54 2007] [notice] Child 5608: Starting thread to listen on port 80.
[Tue Feb 13 11:59:32 2007] [notice] Parent: Received shutdown signal -- Shutting down the server.
[Tue Feb 13 11:59:32 2007] [notice] Child 5608: Exit event signaled. Child process is ending.
[Tue Feb 13 11:59:33 2007] [notice] Child 5608: Released the start mutex
[Tue Feb 13 11:59:34 2007] [notice] Child 5608: Waiting for 250 worker threads to exit.
[Tue Feb 13 11:59:34 2007] [notice] Child 5608: All worker threads have exited.
[Tue Feb 13 11:59:34 2007] [notice] Child 5608: Child process is exiting
[Tue Feb 13 11:59:34 2007] [notice] Parent: Child process exited successfully.
[Tue Feb 13 11:59:35 2007] [notice] Apache/2.2.4 (Win32) PHP/5.2.0 configured -- resuming normal operations
[Tue Feb 13 11:59:35 2007] [notice] Server built: Jan  9 2007 23:17:20
[Tue Feb 13 11:59:35 2007] [notice] Parent: Created child process 4476
[Tue Feb 13 11:59:35 2007] [notice] Child 4476: Child process is running
[Tue Feb 13 11:59:35 2007] [notice] Child 4476: Acquired the start mutex.
[Tue Feb 13 11:59:35 2007] [notice] Child 4476: Starting 250 worker threads.
[Tue Feb 13 11:59:35 2007] [notice] Child 4476: Starting thread to listen on port 80.
[Tue Feb 13 12:01:58 2007] [notice] Parent: Received shutdown signal -- Shutting down the server.
[Tue Feb 13 12:01:58 2007] [notice] Child 4476: Exit event signaled. Child process is ending.
[Tue Feb 13 12:01:59 2007] [notice] Child 4476: Released the start mutex
[Tue Feb 13 12:02:00 2007] [notice] Child 4476: Waiting for 250 worker threads to exit.
[Tue Feb 13 12:02:02 2007] [notice] Child 4476: All worker threads have exited.
[Tue Feb 13 12:02:02 2007] [notice] Child 4476: Child process is exiting
[Tue Feb 13 12:02:02 2007] [notice] Parent: Child process exited successfully.
[Tue Feb 13 12:02:52 2007] [notice] Apache/2.2.4 (Win32) PHP/5.2.0 configured -- resuming normal operations
[Tue Feb 13 12:02:52 2007] [notice] Server built: Jan  9 2007 23:17:20
[Tue Feb 13 12:02:52 2007] [notice] Parent: Created child process 5320
[Tue Feb 13 12:02:52 2007] [notice] Child 5320: Child process is running
[Tue Feb 13 12:02:52 2007] [notice] Child 5320: Acquired the start mutex.
[Tue Feb 13 12:02:52 2007] [notice] Child 5320: Starting 250 worker threads.
[Tue Feb 13 12:02:52 2007] [notice] Child 5320: Starting thread to listen on port 80.
